Mon Aug 13 00:03:23 CST 2018
第5步，部署集群环境
========解压cfssl=========
/usr/local/bin/cfssl
/usr/local/bin/cfssl-certinfo
/usr/local/bin/cfssljson
========解压keepalived v2.0.6========
keepalived-2.0.6/
keepalived-2.0.6/install-sh
keepalived-2.0.6/missing
keepalived-2.0.6/compile
keepalived-2.0.6/Makefile.in
keepalived-2.0.6/bin_install/
keepalived-2.0.6/bin_install/Makefile.in
keepalived-2.0.6/bin_install/Makefile.am
keepalived-2.0.6/keepalived.spec.in
keepalived-2.0.6/snap/
keepalived-2.0.6/snap/snapcraft.yaml
keepalived-2.0.6/INSTALL
keepalived-2.0.6/doc/
keepalived-2.0.6/doc/Makefile.in
keepalived-2.0.6/doc/man/
keepalived-2.0.6/doc/man/man8/
keepalived-2.0.6/doc/man/man8/keepalived.8
keepalived-2.0.6/doc/man/man1/
keepalived-2.0.6/doc/man/man1/genhash.1
keepalived-2.0.6/doc/man/man5/
keepalived-2.0.6/doc/man/man5/keepalived.conf.5
keepalived-2.0.6/doc/samples/
keepalived-2.0.6/doc/samples/keepalived.conf.vrrp.static_ipaddress
keepalived-2.0.6/doc/samples/keepalived.conf.vrrp.localcheck
keepalived-2.0.6/doc/samples/keepalived.conf.vrrp.routes
keepalived-2.0.6/doc/samples/dh1024.pem
keepalived-2.0.6/doc/samples/keepalived.conf.sample
keepalived-2.0.6/doc/samples/keepalived.conf.track_interface
keepalived-2.0.6/doc/samples/keepalived.conf.status_code
keepalived-2.0.6/doc/samples/keepalived.conf.virtualhost
keepalived-2.0.6/doc/samples/keepalived.conf.quorum
keepalived-2.0.6/doc/samples/keepalived.conf.SMTP_CHECK
keepalived-2.0.6/doc/samples/keepalived.conf.vrrp.sync
keepalived-2.0.6/doc/samples/keepalived.conf.vrrp.rules
keepalived-2.0.6/doc/samples/keepalived.conf.vrrp
keepalived-2.0.6/doc/samples/client.pem
keepalived-2.0.6/doc/samples/keepalived.conf.fwmark
keepalived-2.0.6/doc/samples/keepalived.conf.vrrp.scripts
keepalived-2.0.6/doc/samples/sample.misccheck.smbcheck.sh
keepalived-2.0.6/doc/samples/keepalived.conf.SSL_GET
keepalived-2.0.6/doc/samples/keepalived.conf.HTTP_GET.port
keepalived-2.0.6/doc/samples/keepalived.conf.IPv6
keepalived-2.0.6/doc/samples/keepalived.conf.misc_check
keepalived-2.0.6/doc/samples/keepalived.conf.vrrp.lvs_syncd
keepalived-2.0.6/doc/samples/sample_notify_fifo.sh
keepalived-2.0.6/doc/samples/keepalived.conf.conditional_conf
keepalived-2.0.6/doc/samples/keepalived.conf.inhibit
keepalived-2.0.6/doc/samples/keepalived.conf.virtual_server_group
keepalived-2.0.6/doc/samples/root.pem
keepalived-2.0.6/doc/samples/keepalived.conf.misc_check_arg
keepalived-2.0.6/doc/source/
keepalived-2.0.6/doc/source/_static/
keepalived-2.0.6/doc/source/_static/.gitignore
keepalived-2.0.6/doc/source/_static/.gitkeep
keepalived-2.0.6/doc/source/tools/
keepalived-2.0.6/doc/source/tools/pydoctheme/
keepalived-2.0.6/doc/source/tools/pydoctheme/static/
keepalived-2.0.6/doc/source/tools/pydoctheme/static/pydoctheme.css
keepalived-2.0.6/doc/source/tools/pydoctheme/theme.conf
keepalived-2.0.6/doc/source/installing_keepalived.rst
keepalived-2.0.6/doc/source/images/
keepalived-2.0.6/doc/source/images/software_design.png
keepalived-2.0.6/doc/source/scheduling_algorithms.rst
keepalived-2.0.6/doc/source/load_balancing_techniques.rst
keepalived-2.0.6/doc/source/_templates/
keepalived-2.0.6/doc/source/_templates/.gitignore
keepalived-2.0.6/doc/source/_templates/.gitkeep
keepalived-2.0.6/doc/source/case_study_failover.rst
keepalived-2.0.6/doc/source/license.rst
keepalived-2.0.6/doc/source/configuration_synopsis.rst
keepalived-2.0.6/doc/source/conf.py
keepalived-2.0.6/doc/source/snmp_support.rst
keepalived-2.0.6/doc/source/protocol_support.rst
keepalived-2.0.6/doc/source/terminology.rst
keepalived-2.0.6/doc/source/software_design.rst
keepalived-2.0.6/doc/source/about.rst
keepalived-2.0.6/doc/source/todo.rst
keepalived-2.0.6/doc/source/case_study_healthcheck.rst
keepalived-2.0.6/doc/source/introduction.rst
keepalived-2.0.6/doc/source/index.rst
keepalived-2.0.6/doc/source/programs_synopsis.rst
keepalived-2.0.6/doc/source/case_study_mixing.rst
keepalived-2.0.6/doc/VRRP-MIB.txt
keepalived-2.0.6/doc/Makefile.am
keepalived-2.0.6/doc/NOTE_vrrp_vmac.txt
keepalived-2.0.6/doc/KEEPALIVED-MIB.txt
keepalived-2.0.6/doc/keepalived.conf.SYNOPSIS
keepalived-2.0.6/doc/VRRPv3-MIB.txt
keepalived-2.0.6/configure
keepalived-2.0.6/AUTHOR
keepalived-2.0.6/Makefile.am
keepalived-2.0.6/COPYING
keepalived-2.0.6/depcomp
keepalived-2.0.6/genhash/
keepalived-2.0.6/genhash/README
keepalived-2.0.6/genhash/ssl.c
keepalived-2.0.6/genhash/http.c
keepalived-2.0.6/genhash/Makefile.in
keepalived-2.0.6/genhash/INSTALL
keepalived-2.0.6/genhash/layer4.c
keepalived-2.0.6/genhash/include/
keepalived-2.0.6/genhash/include/hash.h
keepalived-2.0.6/genhash/include/ssl.h
keepalived-2.0.6/genhash/include/layer4.h
keepalived-2.0.6/genhash/include/http.h
keepalived-2.0.6/genhash/include/main.h
keepalived-2.0.6/genhash/include/sock.h
keepalived-2.0.6/genhash/AUTHOR
keepalived-2.0.6/genhash/Makefile.am
keepalived-2.0.6/genhash/COPYING
keepalived-2.0.6/genhash/main.c
keepalived-2.0.6/genhash/sock.c
keepalived-2.0.6/genhash/ChangeLog
keepalived-2.0.6/README.md
keepalived-2.0.6/ar-lib
keepalived-2.0.6/CONTRIBUTORS
keepalived-2.0.6/lib/
keepalived-2.0.6/lib/html.c
keepalived-2.0.6/lib/memory.h
keepalived-2.0.6/lib/Makefile.in
keepalived-2.0.6/lib/signals.h
keepalived-2.0.6/lib/logger.h
keepalived-2.0.6/lib/notify.c
keepalived-2.0.6/lib/timer.c
keepalived-2.0.6/lib/bitops.h
keepalived-2.0.6/lib/list.h
keepalived-2.0.6/lib/old_socket.h
keepalived-2.0.6/lib/logger.c
keepalived-2.0.6/lib/config.h.in
keepalived-2.0.6/lib/Makefile.am
keepalived-2.0.6/lib/signals.c
keepalived-2.0.6/lib/list.c
keepalived-2.0.6/lib/html.h
keepalived-2.0.6/lib/keepalived_magic.h
keepalived-2.0.6/lib/parser.h
keepalived-2.0.6/lib/scheduler.c
keepalived-2.0.6/lib/parser.c
keepalived-2.0.6/lib/assert.c
keepalived-2.0.6/lib/old_socket.c
keepalived-2.0.6/lib/memory.c
keepalived-2.0.6/lib/vector.c
keepalived-2.0.6/lib/utils.h
keepalived-2.0.6/lib/rttables.c
keepalived-2.0.6/lib/notify.h
keepalived-2.0.6/lib/vector.h
keepalived-2.0.6/lib/scheduler.h
keepalived-2.0.6/lib/rttables.h
keepalived-2.0.6/lib/utils.c
keepalived-2.0.6/lib/git-commit.h
keepalived-2.0.6/lib/timer.h
keepalived-2.0.6/TODO
keepalived-2.0.6/ChangeLog
keepalived-2.0.6/keepalived/
keepalived-2.0.6/keepalived/vrrp/
keepalived-2.0.6/keepalived/vrrp/vrrp_sync.c
keepalived-2.0.6/keepalived/vrrp/vrrp_data.c
keepalived-2.0.6/keepalived/vrrp/vrrp_if.c
keepalived-2.0.6/keepalived/vrrp/vrrp_scheduler.c
keepalived-2.0.6/keepalived/vrrp/Makefile.in
keepalived-2.0.6/keepalived/vrrp/vrrp_iptables.c
keepalived-2.0.6/keepalived/vrrp/vrrp_dbus.c
keepalived-2.0.6/keepalived/vrrp/vrrp_track.c
keepalived-2.0.6/keepalived/vrrp/vrrp_iptables_calls.c
keepalived-2.0.6/keepalived/vrrp/vrrp.c
keepalived-2.0.6/keepalived/vrrp/vrrp_json.c
keepalived-2.0.6/keepalived/vrrp/vrrp_ndisc.c
keepalived-2.0.6/keepalived/vrrp/vrrp_ipaddress.c
keepalived-2.0.6/keepalived/vrrp/vrrp_iprule.c
keepalived-2.0.6/keepalived/vrrp/vrrp_static_track.c
keepalived-2.0.6/keepalived/vrrp/Makefile.am
keepalived-2.0.6/keepalived/vrrp/vrrp_snmp.c
keepalived-2.0.6/keepalived/vrrp/vrrp_parser.c
keepalived-2.0.6/keepalived/vrrp/vrrp_print.c
keepalived-2.0.6/keepalived/vrrp/vrrp_iproute.c
keepalived-2.0.6/keepalived/vrrp/vrrp_index.c
keepalived-2.0.6/keepalived/vrrp/vrrp_daemon.c
keepalived-2.0.6/keepalived/vrrp/vrrp_notify.c
keepalived-2.0.6/keepalived/vrrp/vrrp_arp.c
keepalived-2.0.6/keepalived/vrrp/vrrp_if_config.c
keepalived-2.0.6/keepalived/vrrp/vrrp_ipset.c
keepalived-2.0.6/keepalived/vrrp/vrrp_ip_rule_route_parser.c
keepalived-2.0.6/keepalived/vrrp/vrrp_vmac.c
keepalived-2.0.6/keepalived/vrrp/vrrp_ipsecah.c
keepalived-2.0.6/keepalived/Makefile.in
keepalived-2.0.6/keepalived/dbus/
keepalived-2.0.6/keepalived/dbus/org.keepalived.Vrrp1.Instance.xml
keepalived-2.0.6/keepalived/dbus/Makefile.in
keepalived-2.0.6/keepalived/dbus/Makefile.am
keepalived-2.0.6/keepalived/dbus/org.keepalived.Vrrp1.Vrrp.xml_template
keepalived-2.0.6/keepalived/dbus/org.keepalived.Vrrp1.conf
keepalived-2.0.6/keepalived/bfd/
keepalived-2.0.6/keepalived/bfd/bfd_daemon.c
keepalived-2.0.6/keepalived/bfd/bfd_event.c
keepalived-2.0.6/keepalived/bfd/bfd.c
keepalived-2.0.6/keepalived/bfd/Makefile.in
keepalived-2.0.6/keepalived/bfd/Makefile.am
keepalived-2.0.6/keepalived/bfd/bfd_data.c
keepalived-2.0.6/keepalived/bfd/bfd_scheduler.c
keepalived-2.0.6/keepalived/bfd/bfd_parser.c
keepalived-2.0.6/keepalived/include/
keepalived-2.0.6/keepalived/include/global_data.h
keepalived-2.0.6/keepalived/include/global_parser.h
keepalived-2.0.6/keepalived/include/vrrp_scheduler.h
keepalived-2.0.6/keepalived/include/vrrp_ipset.h
keepalived-2.0.6/keepalived/include/bfd_daemon.h
keepalived-2.0.6/keepalived/include/vrrp_parser.h
keepalived-2.0.6/keepalived/include/vrrp_data.h
keepalived-2.0.6/keepalived/include/vrrp_ipaddress.h
keepalived-2.0.6/keepalived/include/keepalived_netlink.h
keepalived-2.0.6/keepalived/include/check_api.h
keepalived-2.0.6/keepalived/include/vrrp_arp.h
keepalived-2.0.6/keepalived/include/namespaces.h
keepalived-2.0.6/keepalived/include/bfd_data.h
keepalived-2.0.6/keepalived/include/check_smtp.h
keepalived-2.0.6/keepalived/include/bfd.h
keepalived-2.0.6/keepalived/include/check_http.h
keepalived-2.0.6/keepalived/include/vrrp_notify.h
keepalived-2.0.6/keepalived/include/process.h
keepalived-2.0.6/keepalived/include/vrrp_json.h
keepalived-2.0.6/keepalived/include/ipwrapper.h
keepalived-2.0.6/keepalived/include/vrrp_if_config.h
keepalived-2.0.6/keepalived/include/libnl_link.h
keepalived-2.0.6/keepalived/include/vrrp_if.h
keepalived-2.0.6/keepalived/include/snmp.h
keepalived-2.0.6/keepalived/include/check_data.h
keepalived-2.0.6/keepalived/include/bfd_parser.h
keepalived-2.0.6/keepalived/include/vrrp_iprule.h
keepalived-2.0.6/keepalived/include/check_snmp.h
keepalived-2.0.6/keepalived/include/vrrp_ip_rule_route_parser.h
keepalived-2.0.6/keepalived/include/vrrp_sock.h
keepalived-2.0.6/keepalived/include/layer4.h
keepalived-2.0.6/keepalived/include/libipvs.h
keepalived-2.0.6/keepalived/include/vrrp_iptables_calls.h
keepalived-2.0.6/keepalived/include/check_dns.h
keepalived-2.0.6/keepalived/include/check_ssl.h
keepalived-2.0.6/keepalived/include/vrrp_iptables.h
keepalived-2.0.6/keepalived/include/ip_vs.h
keepalived-2.0.6/keepalived/include/vrrp_index.h
keepalived-2.0.6/keepalived/include/check_misc.h
keepalived-2.0.6/keepalived/include/vrrp_track.h
keepalived-2.0.6/keepalived/include/vrrp_sync.h
keepalived-2.0.6/keepalived/include/bfd_scheduler.h
keepalived-2.0.6/keepalived/include/check_bfd.h
keepalived-2.0.6/keepalived/include/daemon.h
keepalived-2.0.6/keepalived/include/bfd_event.h
keepalived-2.0.6/keepalived/include/vrrp_iproute.h
keepalived-2.0.6/keepalived/include/vrrp_ipsecah.h
keepalived-2.0.6/keepalived/include/main.h
keepalived-2.0.6/keepalived/include/smtp.h
keepalived-2.0.6/keepalived/include/vrrp_static_track.h
keepalived-2.0.6/keepalived/include/vrrp_snmp.h
keepalived-2.0.6/keepalived/include/vrrp_daemon.h
keepalived-2.0.6/keepalived/include/vrrp_print.h
keepalived-2.0.6/keepalived/include/vrrp_vmac.h
keepalived-2.0.6/keepalived/include/check_parser.h
keepalived-2.0.6/keepalived/include/vrrp.h
keepalived-2.0.6/keepalived/include/ipvswrapper.h
keepalived-2.0.6/keepalived/include/vrrp_dbus.h
keepalived-2.0.6/keepalived/include/check_tcp.h
keepalived-2.0.6/keepalived/include/pidfile.h
keepalived-2.0.6/keepalived/include/vrrp_ndisc.h
keepalived-2.0.6/keepalived/include/check_daemon.h
keepalived-2.0.6/keepalived/Makefile.am
keepalived-2.0.6/keepalived/keepalived.service.in
keepalived-2.0.6/keepalived/etc/
keepalived-2.0.6/keepalived/etc/init/
keepalived-2.0.6/keepalived/etc/init/keepalived.conf.in
keepalived-2.0.6/keepalived/etc/init/Makefile.in
keepalived-2.0.6/keepalived/etc/init/Makefile.am
keepalived-2.0.6/keepalived/etc/Makefile.in
keepalived-2.0.6/keepalived/etc/sysconfig/
keepalived-2.0.6/keepalived/etc/sysconfig/keepalived
keepalived-2.0.6/keepalived/etc/openrc/
keepalived-2.0.6/keepalived/etc/openrc/keepalived
keepalived-2.0.6/keepalived/etc/Makefile.am
keepalived-2.0.6/keepalived/etc/keepalived/
keepalived-2.0.6/keepalived/etc/keepalived/keepalived.conf
keepalived-2.0.6/keepalived/etc/init.d/
keepalived-2.0.6/keepalived/etc/init.d/Makefile.in
keepalived-2.0.6/keepalived/etc/init.d/Makefile.am
keepalived-2.0.6/keepalived/etc/init.d/keepalived.rh.init
keepalived-2.0.6/keepalived/etc/init.d/keepalived
keepalived-2.0.6/keepalived/etc/init.d/keepalived.suse.init.in
keepalived-2.0.6/keepalived/main.c
keepalived-2.0.6/keepalived/core/
keepalived-2.0.6/keepalived/core/smtp.c
keepalived-2.0.6/keepalived/core/Makefile.in
keepalived-2.0.6/keepalived/core/snmp.c
keepalived-2.0.6/keepalived/core/keepalived_netlink.c
keepalived-2.0.6/keepalived/core/layer4.c
keepalived-2.0.6/keepalived/core/Makefile.am
keepalived-2.0.6/keepalived/core/process.c
keepalived-2.0.6/keepalived/core/global_parser.c
keepalived-2.0.6/keepalived/core/global_data.c
keepalived-2.0.6/keepalived/core/pidfile.c
keepalived-2.0.6/keepalived/core/libnl_link.c
keepalived-2.0.6/keepalived/core/main.c
keepalived-2.0.6/keepalived/core/namespaces.c
keepalived-2.0.6/keepalived/core/daemon.c
keepalived-2.0.6/keepalived/check/
keepalived-2.0.6/keepalived/check/check_daemon.c
keepalived-2.0.6/keepalived/check/check_data.c
keepalived-2.0.6/keepalived/check/Makefile.in
keepalived-2.0.6/keepalived/check/check_bfd.c
keepalived-2.0.6/keepalived/check/check_ssl.c
keepalived-2.0.6/keepalived/check/check_misc.c
keepalived-2.0.6/keepalived/check/check_api.c
keepalived-2.0.6/keepalived/check/Makefile.am
keepalived-2.0.6/keepalived/check/check_smtp.c
keepalived-2.0.6/keepalived/check/ipwrapper.c
keepalived-2.0.6/keepalived/check/check_parser.c
keepalived-2.0.6/keepalived/check/check_snmp.c
keepalived-2.0.6/keepalived/check/check_http.c
keepalived-2.0.6/keepalived/check/ipvswrapper.c
keepalived-2.0.6/keepalived/check/check_dns.c
keepalived-2.0.6/keepalived/check/check_tcp.c
keepalived-2.0.6/keepalived/check/libipvs.c
keepalived-2.0.6/configure.ac
keepalived-2.0.6/aclocal.m4
========解压etcd v3.3.8=========
etcd-v3.3.8-linux-amd64/
etcd-v3.3.8-linux-amd64/Documentation/
etcd-v3.3.8-linux-amd64/Documentation/v2/
etcd-v3.3.8-linux-amd64/Documentation/v2/upgrade_2_3.md
etcd-v3.3.8-linux-amd64/Documentation/v2/upgrade_2_2.md
etcd-v3.3.8-linux-amd64/Documentation/v2/upgrade_2_1.md
etcd-v3.3.8-linux-amd64/Documentation/v2/tuning.md
etcd-v3.3.8-linux-amd64/Documentation/v2/security.md
etcd-v3.3.8-linux-amd64/Documentation/v2/runtime-reconf-design.md
etcd-v3.3.8-linux-amd64/Documentation/v2/runtime-configuration.md
etcd-v3.3.8-linux-amd64/Documentation/v2/rfc/
etcd-v3.3.8-linux-amd64/Documentation/v2/rfc/v3api.md
etcd-v3.3.8-linux-amd64/Documentation/v2/reporting_bugs.md
etcd-v3.3.8-linux-amd64/Documentation/v2/proxy.md
etcd-v3.3.8-linux-amd64/Documentation/v2/production-users.md
etcd-v3.3.8-linux-amd64/Documentation/v2/platforms/
etcd-v3.3.8-linux-amd64/Documentation/v2/platforms/freebsd.md
etcd-v3.3.8-linux-amd64/Documentation/v2/other_apis.md
etcd-v3.3.8-linux-amd64/Documentation/v2/metrics.md
etcd-v3.3.8-linux-amd64/Documentation/v2/members_api.md
etcd-v3.3.8-linux-amd64/Documentation/v2/internal-protocol-versioning.md
etcd-v3.3.8-linux-amd64/Documentation/v2/glossary.md
etcd-v3.3.8-linux-amd64/Documentation/v2/faq.md
etcd-v3.3.8-linux-amd64/Documentation/v2/etcd_alert.rules.yml
etcd-v3.3.8-linux-amd64/Documentation/v2/etcd_alert.rules
etcd-v3.3.8-linux-amd64/Documentation/v2/errorcode.md
etcd-v3.3.8-linux-amd64/Documentation/v2/docker_guide.md
etcd-v3.3.8-linux-amd64/Documentation/v2/discovery_protocol.md
etcd-v3.3.8-linux-amd64/Documentation/v2/dev/
etcd-v3.3.8-linux-amd64/Documentation/v2/dev/release.md
etcd-v3.3.8-linux-amd64/Documentation/v2/branch_management.md
etcd-v3.3.8-linux-amd64/Documentation/v2/benchmarks/
etcd-v3.3.8-linux-amd64/Documentation/v2/benchmarks/etcd-storage-memory-benchmark.md
etcd-v3.3.8-linux-amd64/Documentation/v2/benchmarks/etcd-3-watch-memory-benchmark.md
etcd-v3.3.8-linux-amd64/Documentation/v2/benchmarks/etcd-3-demo-benchmarks.md
etcd-v3.3.8-linux-amd64/Documentation/v2/benchmarks/etcd-2-2-0-rc-memory-benchmarks.md
etcd-v3.3.8-linux-amd64/Documentation/v2/benchmarks/etcd-2-2-0-rc-benchmarks.md
etcd-v3.3.8-linux-amd64/Documentation/v2/benchmarks/etcd-2-1-0-alpha-benchmarks.md
etcd-v3.3.8-linux-amd64/Documentation/v2/benchmarks/README.md
etcd-v3.3.8-linux-amd64/Documentation/v2/benchmarks/etcd-2-2-0-benchmarks.md
etcd-v3.3.8-linux-amd64/Documentation/v2/backward_compatibility.md
etcd-v3.3.8-linux-amd64/Documentation/v2/authentication.md
etcd-v3.3.8-linux-amd64/Documentation/v2/auth_api.md
etcd-v3.3.8-linux-amd64/Documentation/v2/api_v3.md
etcd-v3.3.8-linux-amd64/Documentation/v2/api.md
etcd-v3.3.8-linux-amd64/Documentation/v2/README.md
etcd-v3.3.8-linux-amd64/Documentation/v2/04_to_2_snapshot_migration.md
etcd-v3.3.8-linux-amd64/Documentation/v2/libraries-and-tools.md
etcd-v3.3.8-linux-amd64/Documentation/v2/configuration.md
etcd-v3.3.8-linux-amd64/Documentation/v2/clustering.md
etcd-v3.3.8-linux-amd64/Documentation/v2/admin_guide.md
etcd-v3.3.8-linux-amd64/Documentation/upgrades/
etcd-v3.3.8-linux-amd64/Documentation/upgrades/upgrading-etcd.md
etcd-v3.3.8-linux-amd64/Documentation/upgrades/upgrade_3_1.md
etcd-v3.3.8-linux-amd64/Documentation/upgrades/upgrade_3_0.md
etcd-v3.3.8-linux-amd64/Documentation/upgrades/upgrade_3_4.md
etcd-v3.3.8-linux-amd64/Documentation/upgrades/upgrade_3_3.md
etcd-v3.3.8-linux-amd64/Documentation/upgrades/upgrade_3_2.md
etcd-v3.3.8-linux-amd64/Documentation/rfc/
etcd-v3.3.8-linux-amd64/Documentation/rfc/v3api.md
etcd-v3.3.8-linux-amd64/Documentation/reporting_bugs.md
etcd-v3.3.8-linux-amd64/Documentation/production-users.md
etcd-v3.3.8-linux-amd64/Documentation/platforms/
etcd-v3.3.8-linux-amd64/Documentation/platforms/freebsd.md
etcd-v3.3.8-linux-amd64/Documentation/platforms/container-linux-systemd.md
etcd-v3.3.8-linux-amd64/Documentation/platforms/aws.md
etcd-v3.3.8-linux-amd64/Documentation/op-guide/
etcd-v3.3.8-linux-amd64/Documentation/op-guide/versioning.md
etcd-v3.3.8-linux-amd64/Documentation/op-guide/v2-migration.md
etcd-v3.3.8-linux-amd64/Documentation/op-guide/supported-platform.md
etcd-v3.3.8-linux-amd64/Documentation/op-guide/runtime-configuration.md
etcd-v3.3.8-linux-amd64/Documentation/op-guide/hardware.md
etcd-v3.3.8-linux-amd64/Documentation/op-guide/gateway.md
etcd-v3.3.8-linux-amd64/Documentation/op-guide/failures.md
etcd-v3.3.8-linux-amd64/Documentation/op-guide/etcd-sample-grafana.png
etcd-v3.3.8-linux-amd64/Documentation/op-guide/container.md
etcd-v3.3.8-linux-amd64/Documentation/op-guide/security.md
etcd-v3.3.8-linux-amd64/Documentation/op-guide/runtime-reconf-design.md
etcd-v3.3.8-linux-amd64/Documentation/op-guide/recovery.md
etcd-v3.3.8-linux-amd64/Documentation/op-guide/performance.md
etcd-v3.3.8-linux-amd64/Documentation/op-guide/monitoring.md
etcd-v3.3.8-linux-amd64/Documentation/op-guide/maintenance.md
etcd-v3.3.8-linux-amd64/Documentation/op-guide/grpc_proxy.md
etcd-v3.3.8-linux-amd64/Documentation/op-guide/grafana.json
etcd-v3.3.8-linux-amd64/Documentation/op-guide/etcd3_alert.rules.yml
etcd-v3.3.8-linux-amd64/Documentation/op-guide/etcd3_alert.rules
etcd-v3.3.8-linux-amd64/Documentation/op-guide/configuration.md
etcd-v3.3.8-linux-amd64/Documentation/op-guide/clustering.md
etcd-v3.3.8-linux-amd64/Documentation/op-guide/authentication.md
etcd-v3.3.8-linux-amd64/Documentation/metrics.md
etcd-v3.3.8-linux-amd64/Documentation/learning/
etcd-v3.3.8-linux-amd64/Documentation/learning/glossary.md
etcd-v3.3.8-linux-amd64/Documentation/learning/api.md
etcd-v3.3.8-linux-amd64/Documentation/learning/why.md
etcd-v3.3.8-linux-amd64/Documentation/learning/data_model.md
etcd-v3.3.8-linux-amd64/Documentation/learning/auth_design.md
etcd-v3.3.8-linux-amd64/Documentation/learning/api_guarantees.md
etcd-v3.3.8-linux-amd64/Documentation/faq.md
etcd-v3.3.8-linux-amd64/Documentation/docs.md
etcd-v3.3.8-linux-amd64/Documentation/dev-internal/
etcd-v3.3.8-linux-amd64/Documentation/dev-internal/logging.md
etcd-v3.3.8-linux-amd64/Documentation/dev-internal/discovery_protocol.md
etcd-v3.3.8-linux-amd64/Documentation/dev-internal/release.md
etcd-v3.3.8-linux-amd64/Documentation/dev-guide/
etcd-v3.3.8-linux-amd64/Documentation/dev-guide/local_cluster.md
etcd-v3.3.8-linux-amd64/Documentation/dev-guide/interacting_v3.md
etcd-v3.3.8-linux-amd64/Documentation/dev-guide/experimental_apis.md
etcd-v3.3.8-linux-amd64/Documentation/dev-guide/apispec/
etcd-v3.3.8-linux-amd64/Documentation/dev-guide/apispec/swagger/
etcd-v3.3.8-linux-amd64/Documentation/dev-guide/apispec/swagger/v3lock.swagger.json
etcd-v3.3.8-linux-amd64/Documentation/dev-guide/apispec/swagger/v3election.swagger.json
etcd-v3.3.8-linux-amd64/Documentation/dev-guide/apispec/swagger/rpc.swagger.json
etcd-v3.3.8-linux-amd64/Documentation/dev-guide/limit.md
etcd-v3.3.8-linux-amd64/Documentation/dev-guide/grpc_naming.md
etcd-v3.3.8-linux-amd64/Documentation/dev-guide/api_reference_v3.md
etcd-v3.3.8-linux-amd64/Documentation/dev-guide/api_grpc_gateway.md
etcd-v3.3.8-linux-amd64/Documentation/dev-guide/api_concurrency_reference_v3.md
etcd-v3.3.8-linux-amd64/Documentation/demo.md
etcd-v3.3.8-linux-amd64/Documentation/branch_management.md
etcd-v3.3.8-linux-amd64/Documentation/benchmarks/
etcd-v3.3.8-linux-amd64/Documentation/benchmarks/etcd-storage-memory-benchmark.md
etcd-v3.3.8-linux-amd64/Documentation/benchmarks/etcd-3-watch-memory-benchmark.md
etcd-v3.3.8-linux-amd64/Documentation/benchmarks/etcd-3-demo-benchmarks.md
etcd-v3.3.8-linux-amd64/Documentation/benchmarks/etcd-2-2-0-rc-memory-benchmarks.md
etcd-v3.3.8-linux-amd64/Documentation/benchmarks/etcd-2-2-0-rc-benchmarks.md
etcd-v3.3.8-linux-amd64/Documentation/benchmarks/etcd-2-1-0-alpha-benchmarks.md
etcd-v3.3.8-linux-amd64/Documentation/benchmarks/README.md
etcd-v3.3.8-linux-amd64/Documentation/benchmarks/etcd-2-2-0-benchmarks.md
etcd-v3.3.8-linux-amd64/Documentation/README.md
tar: etcd-v3.3.8-linux-amd64/Documentation/README.md: Cannot create symlink to `docs.md': Protocol error
etcd-v3.3.8-linux-amd64/Documentation/tuning.md
etcd-v3.3.8-linux-amd64/Documentation/integrations.md
etcd-v3.3.8-linux-amd64/Documentation/dl_build.md
etcd-v3.3.8-linux-amd64/READMEv2-etcdctl.md
etcd-v3.3.8-linux-amd64/README-etcdctl.md
etcd-v3.3.8-linux-amd64/README.md
etcd-v3.3.8-linux-amd64/etcdctl
etcd-v3.3.8-linux-amd64/etcd
tar: Exiting with failure status due to previous errors
第5步，部署集群环境失败
